[0m14:48:45.757328 [debug] [MainThread]: Sending event: {'category': 'dbt', 'action': 'invocation', 'label': 'start', 'context': [<snowplow_tracker.self_describing_json.SelfDescribingJson object at 0x000001A6A4D943A0>, <snowplow_tracker.self_describing_json.SelfDescribingJson object at 0x000001A6A77EDEB0>, <snowplow_tracker.self_describing_json.SelfDescribingJson object at 0x000001A6A7993220>]}


============================== 14:48:45.763330 | 95a4cc9e-b13c-4dc2-9e71-eca362113bef ==============================
[0m14:48:45.763330 [info ] [MainThread]: Running with dbt=1.8.5
[0m14:48:45.765046 [debug] [MainThread]: running dbt with arguments {'printer_width': '80', 'indirect_selection': 'eager', 'write_json': 'True', 'log_cache_events': 'False', 'partial_parse': 'True', 'cache_selected_only': 'False', 'profiles_dir': 'C:\\Users\\kimje\\.dbt', 'version_check': 'True', 'warn_error': 'None', 'log_path': 'logs', 'debug': 'False', 'fail_fast': 'False', 'use_colors': 'True', 'use_experimental_parser': 'False', 'empty': 'None', 'quiet': 'False', 'no_print': 'None', 'log_format': 'default', 'invocation_command': 'dbt init', 'static_parser': 'True', 'introspect': 'True', 'target_path': 'None', 'warn_error_options': 'WarnErrorOptions(include=[], exclude=[])', 'send_anonymous_usage_stats': 'True'}
[0m14:49:08.304433 [debug] [MainThread]: Starter project path: C:\Users\kimje\Desktop\Data_Engineering\dbt\dbt_venv\lib\site-packages\dbt\include\starter_project
[0m14:49:08.362446 [info ] [MainThread]: 
Your new dbt project "oms_dbt_proj" was created!

For more information on how to configure the profiles.yml file,
please consult the dbt documentation here:

  https://docs.getdbt.com/docs/configure-your-profile

One more thing:

Need help? Don't hesitate to reach out to us via GitHub issues or on Slack:

  https://community.getdbt.com/

Happy modeling!

[0m14:49:08.365447 [info ] [MainThread]: Setting up your profile.
[0m14:52:43.452541 [info ] [MainThread]: Profile oms_dbt_proj written to C:\Users\kimje\.dbt\profiles.yml using target's profile_template.yml and your supplied values. Run 'dbt debug' to validate the connection.
[0m14:52:43.455541 [debug] [MainThread]: Command `dbt init` succeeded at 14:52:43.454541 after 237.81 seconds
[0m14:52:43.456542 [debug] [MainThread]: Sending event: {'category': 'dbt', 'action': 'invocation', 'label': 'end', 'context': [<snowplow_tracker.self_describing_json.SelfDescribingJson object at 0x000001A6A4D943A0>, <snowplow_tracker.self_describing_json.SelfDescribingJson object at 0x000001A6A77EDE50>, <snowplow_tracker.self_describing_json.SelfDescribingJson object at 0x000001A6A876BE80>]}
[0m14:52:43.456542 [debug] [MainThread]: Flushing usage events
[0m20:46:22.719855 [debug] [MainThread]: Sending event: {'category': 'dbt', 'action': 'invocation', 'label': 'start', 'context': [<snowplow_tracker.self_describing_json.SelfDescribingJson object at 0x000001EB819F53A0>, <snowplow_tracker.self_describing_json.SelfDescribingJson object at 0x000001EB8444FE50>, <snowplow_tracker.self_describing_json.SelfDescribingJson object at 0x000001EB845F31F0>]}


============================== 20:46:22.725856 | 419c9897-5262-4a04-b516-96890ff64437 ==============================
[0m20:46:22.725856 [info ] [MainThread]: Running with dbt=1.8.5
[0m20:46:22.726857 [debug] [MainThread]: running dbt with arguments {'printer_width': '80', 'indirect_selection': 'eager', 'log_cache_events': 'False', 'write_json': 'True', 'partial_parse': 'True', 'cache_selected_only': 'False', 'warn_error': 'None', 'debug': 'False', 'fail_fast': 'False', 'log_path': 'logs', 'profiles_dir': 'C:\\Users\\kimje\\.dbt', 'version_check': 'True', 'use_colors': 'True', 'use_experimental_parser': 'False', 'no_print': 'None', 'quiet': 'False', 'empty': 'None', 'log_format': 'default', 'invocation_command': 'dbt init', 'introspect': 'True', 'static_parser': 'True', 'target_path': 'None', 'warn_error_options': 'WarnErrorOptions(include=[], exclude=[])', 'send_anonymous_usage_stats': 'True'}
[0m20:46:34.377176 [debug] [MainThread]: Starter project path: C:\Users\kimje\Desktop\Data_Engineering\dbt\dbt_venv\lib\site-packages\dbt\include\starter_project
[0m20:46:34.399182 [info ] [MainThread]: 
Your new dbt project "data_pipeline" was created!

For more information on how to configure the profiles.yml file,
please consult the dbt documentation here:

  https://docs.getdbt.com/docs/configure-your-profile

One more thing:

Need help? Don't hesitate to reach out to us via GitHub issues or on Slack:

  https://community.getdbt.com/

Happy modeling!

[0m20:46:34.401181 [info ] [MainThread]: Setting up your profile.
[0m20:48:33.187557 [info ] [MainThread]: Profile data_pipeline written to C:\Users\kimje\.dbt\profiles.yml using target's profile_template.yml and your supplied values. Run 'dbt debug' to validate the connection.
[0m20:48:33.190558 [debug] [MainThread]: Command `dbt init` succeeded at 20:48:33.189558 after 130.58 seconds
[0m20:48:33.190558 [debug] [MainThread]: Sending event: {'category': 'dbt', 'action': 'invocation', 'label': 'end', 'context': [<snowplow_tracker.self_describing_json.SelfDescribingJson object at 0x000001EB819F53A0>, <snowplow_tracker.self_describing_json.SelfDescribingJson object at 0x000001EB8444FEB0>, <snowplow_tracker.self_describing_json.SelfDescribingJson object at 0x000001EB853D5B50>]}
[0m20:48:33.191559 [debug] [MainThread]: Flushing usage events
[0m20:48:40.960343 [debug] [MainThread]: Sending event: {'category': 'dbt', 'action': 'invocation', 'label': 'start', 'context': [<snowplow_tracker.self_describing_json.SelfDescribingJson object at 0x00000169B34B53A0>, <snowplow_tracker.self_describing_json.SelfDescribingJson object at 0x00000169B5F0EE50>, <snowplow_tracker.self_describing_json.SelfDescribingJson object at 0x00000169B60B31F0>]}


============================== 20:48:40.965345 | 5c998d09-1b1e-4516-b7c5-25a05f7a8883 ==============================
[0m20:48:40.965345 [info ] [MainThread]: Running with dbt=1.8.5
[0m20:48:40.966345 [debug] [MainThread]: running dbt with arguments {'printer_width': '80', 'indirect_selection': 'eager', 'write_json': 'True', 'log_cache_events': 'False', 'partial_parse': 'True', 'cache_selected_only': 'False', 'warn_error': 'None', 'version_check': 'True', 'fail_fast': 'False', 'log_path': 'logs', 'debug': 'False', 'profiles_dir': 'C:\\Users\\kimje\\.dbt', 'use_colors': 'True', 'use_experimental_parser': 'False', 'no_print': 'None', 'quiet': 'False', 'empty': 'None', 'log_format': 'default', 'introspect': 'True', 'invocation_command': 'dbt debug', 'warn_error_options': 'WarnErrorOptions(include=[], exclude=[])', 'target_path': 'None', 'static_parser': 'True', 'send_anonymous_usage_stats': 'True'}
[0m20:48:40.992297 [info ] [MainThread]: dbt version: 1.8.5
[0m20:48:40.993298 [info ] [MainThread]: python version: 3.8.16
[0m20:48:40.994298 [info ] [MainThread]: python path: C:\Users\kimje\Desktop\Data_Engineering\dbt\dbt_venv\Scripts\python.exe
[0m20:48:40.994298 [info ] [MainThread]: os info: Windows-10-10.0.19045-SP0
[0m20:48:41.516600 [info ] [MainThread]: Using profiles dir at C:\Users\kimje\.dbt
[0m20:48:41.517601 [info ] [MainThread]: Using profiles.yml file at C:\Users\kimje\.dbt\profiles.yml
[0m20:48:41.518601 [info ] [MainThread]: Using dbt_project.yml file at C:\Users\kimje\Desktop\Data_Engineering\dbt\dbt_project.yml
[0m20:48:41.519601 [error] [MainThread]: Encountered an error:
Internal Error
  Profile should not be None if loading profile completed
[0m20:48:41.522632 [debug] [MainThread]: Command `dbt debug` failed at 20:48:41.522632 after 0.67 seconds
[0m20:48:41.523609 [debug] [MainThread]: Sending event: {'category': 'dbt', 'action': 'invocation', 'label': 'end', 'context': [<snowplow_tracker.self_describing_json.SelfDescribingJson object at 0x00000169B34B53A0>, <snowplow_tracker.self_describing_json.SelfDescribingJson object at 0x00000169B60A0E20>, <snowplow_tracker.self_describing_json.SelfDescribingJson object at 0x00000169B60D9EB0>]}
[0m20:48:41.523609 [debug] [MainThread]: Flushing usage events
